# JRE version: OpenJDK Runtime Environment (16.0.2+7) (build 16.0.2+7-67)
# Java VM: OpenJDK 64-Bit Server VM (16.0.2+7-67, mixed mode, tiered, compressed oops, compressed class ptrs, g1 gc, windows-amd64)
GC Precious Log:
 CPUs: 4 total, 4 available
 Memory: 16204M
 Large Page Support: Disabled
 NUMA Support: Disabled
 Compressed Oops: Enabled (Zero based)
 Heap Region Size: 2M
 Heap Min Capacity: 8M
 Heap Initial Capacity: 254M
 Heap Max Capacity: 4052M
 Pre-touch: Disabled
 Parallel Workers: 4
 Concurrent Workers: 1
 Concurrent Refinement Workers: 4
 Periodic GC: Disabled
Heap:
 garbage-first heap   total 40960K, used 10816K [0x0000000702c00000, 0x0000000800000000)
  region size 2048K, 4 young (8192K), 2 survivors (4096K)
 Metaspace       used 23330K, committed 23552K, reserved 1073152K
  class space    used 2459K, committed 2560K, reserved 1048576K
GC Heap History (10 events):
Event: 0.655 GC heap before
{Heap before GC invocations=0 (full 0):
 garbage-first heap   total 260096K, used 10240K [0x0000000702c00000, 0x0000000800000000)
  region size 2048K, 6 young (12288K), 0 survivors (0K)
 Metaspace       used 10647K, committed 10752K, reserved 1064960K
  class space    used 999K, committed 1024K, reserved 1048576K
}
Event: 0.660 GC heap after
{Heap after GC invocations=1 (full 0):
 garbage-first heap   total 260096K, used 5325K [0x0000000702c00000, 0x0000000800000000)
  region size 2048K, 1 young (2048K), 1 survivors (2048K)
 Metaspace       used 10647K, committed 10752K, reserved 1064960K
  class space    used 999K, committed 1024K, reserved 1048576K
}
Event: 0.996 GC heap before
{Heap before GC invocations=1 (full 0):
 garbage-first heap   total 260096K, used 13517K [0x0000000702c00000, 0x0000000800000000)
  region size 2048K, 6 young (12288K), 1 survivors (2048K)
 Metaspace       used 14577K, committed 14784K, reserved 1064960K
  class space    used 1456K, committed 1536K, reserved 1048576K
}
Event: 1.000 GC heap after
{Heap after GC invocations=2 (full 0):
 garbage-first heap   total 260096K, used 6239K [0x0000000702c00000, 0x0000000800000000)
  region size 2048K, 1 young (2048K), 1 survivors (2048K)
 Metaspace       used 14577K, committed 14784K, reserved 1064960K
  class space    used 1456K, committed 1536K, reserved 1048576K
}
Event: 1.237 GC heap before
{Heap before GC invocations=2 (full 0):
 garbage-first heap   total 260096K, used 30815K [0x0000000702c00000, 0x0000000800000000)
  region size 2048K, 13 young (26624K), 1 survivors (2048K)
 Metaspace       used 17783K, committed 17920K, reserved 1073152K
  class space    used 1788K, committed 1856K, reserved 1048576K
}
Event: 1.241 GC heap after
{Heap after GC invocations=3 (full 0):
 garbage-first heap   total 260096K, used 7551K [0x0000000702c00000, 0x0000000800000000)
  region size 2048K, 2 young (4096K), 2 survivors (4096K)
 Metaspace       used 17783K, committed 17920K, reserved 1073152K
  class space    used 1788K, committed 1856K, reserved 1048576K
}
Event: 1.456 GC heap before
{Heap before GC invocations=3 (full 0):
 garbage-first heap   total 260096K, used 38271K [0x0000000702c00000, 0x0000000800000000)
  region size 2048K, 18 young (36864K), 2 survivors (4096K)
 Metaspace       used 21075K, committed 21248K, reserved 1073152K
  class space    used 2165K, committed 2240K, reserved 1048576K
}
Event: 1.461 GC heap after
{Heap after GC invocations=4 (full 0):
 garbage-first heap   total 260096K, used 7818K [0x0000000702c00000, 0x0000000800000000)
  region size 2048K, 2 young (4096K), 2 survivors (4096K)
 Metaspace       used 21075K, committed 21248K, reserved 1073152K
  class space    used 2165K, committed 2240K, reserved 1048576K
}
Event: 13.910 GC heap before
{Heap before GC invocations=5 (full 0):
 garbage-first heap   total 40960K, used 28298K [0x0000000702c00000, 0x0000000800000000)
  region size 2048K, 12 young (24576K), 2 survivors (4096K)
 Metaspace       used 23284K, committed 23552K, reserved 1073152K
  class space    used 2458K, committed 2560K, reserved 1048576K
}
Event: 13.924 GC heap after
{Heap after GC invocations=6 (full 0):
 garbage-first heap   total 40960K, used 8768K [0x0000000702c00000, 0x0000000800000000)
  region size 2048K, 2 young (4096K), 2 survivors (4096K)
 Metaspace       used 23284K, committed 23552K, reserved 1073152K
  class space    used 2458K, committed 2560K, reserved 1048576K
}

