# JRE version: Java(TM) SE Runtime Environment 18.9 (11.0.11+9) (build 11.0.11+9-LTS-194)
# Java VM: Java HotSpot(TM) 64-Bit Server VM 18.9 (11.0.11+9-LTS-194, mixed mode, tiered, compressed oops, g1 gc, windows-amd64)
Heap:
 garbage-first heap   total 374784K, used 218366K [0x0000000702c00000, 0x0000000800000000)
  region size 1024K, 208 young (212992K), 15 survivors (15360K)
 Metaspace       used 71196K, capacity 73195K, committed 73468K, reserved 1112064K
  class space    used 9284K, capacity 10086K, committed 10236K, reserved 1048576K
GC Heap History (10 events):
Event: 2.007 GC heap before
{Heap before GC invocations=5 (full 0):
 garbage-first heap   total 260096K, used 58622K [0x0000000702c00000, 0x0000000800000000)
  region size 1024K, 52 young (53248K), 3 survivors (3072K)
 Metaspace       used 24478K, capacity 25284K, committed 25596K, reserved 1071104K
  class space    used 2844K, capacity 3177K, committed 3324K, reserved 1048576K
}
Event: 2.014 GC heap after
{Heap after GC invocations=6 (full 0):
 garbage-first heap   total 312320K, used 10622K [0x0000000702c00000, 0x0000000800000000)
  region size 1024K, 5 young (5120K), 5 survivors (5120K)
 Metaspace       used 24478K, capacity 25284K, committed 25596K, reserved 1071104K
  class space    used 2844K, capacity 3177K, committed 3324K, reserved 1048576K
}
Event: 2.261 GC heap before
{Heap before GC invocations=6 (full 0):
 garbage-first heap   total 312320K, used 84350K [0x0000000702c00000, 0x0000000800000000)
  region size 1024K, 78 young (79872K), 5 survivors (5120K)
 Metaspace       used 28664K, capacity 29591K, committed 29692K, reserved 1075200K
  class space    used 3390K, capacity 3761K, committed 3836K, reserved 1048576K
}
Event: 2.267 GC heap after
{Heap after GC invocations=7 (full 0):
 garbage-first heap   total 312320K, used 11518K [0x0000000702c00000, 0x0000000800000000)
  region size 1024K, 5 young (5120K), 5 survivors (5120K)
 Metaspace       used 28664K, capacity 29591K, committed 29692K, reserved 1075200K
  class space    used 3390K, capacity 3761K, committed 3836K, reserved 1048576K
}
Event: 3.235 GC heap before
{Heap before GC invocations=7 (full 0):
 garbage-first heap   total 312320K, used 147710K [0x0000000702c00000, 0x0000000800000000)
  region size 1024K, 140 young (143360K), 5 survivors (5120K)
 Metaspace       used 34829K, capacity 35877K, committed 35964K, reserved 1081344K
  class space    used 4253K, capacity 4689K, committed 4732K, reserved 1048576K
}
Event: 3.247 GC heap after
{Heap after GC invocations=8 (full 0):
 garbage-first heap   total 312320K, used 14590K [0x0000000702c00000, 0x0000000800000000)
  region size 1024K, 8 young (8192K), 8 survivors (8192K)
 Metaspace       used 34829K, capacity 35877K, committed 35964K, reserved 1081344K
  class space    used 4253K, capacity 4689K, committed 4732K, reserved 1048576K
}
Event: 4.362 GC heap before
{Heap before GC invocations=9 (full 0):
 garbage-first heap   total 312320K, used 184574K [0x0000000702c00000, 0x0000000800000000)
  region size 1024K, 175 young (179200K), 8 survivors (8192K)
 Metaspace       used 45381K, capacity 46745K, committed 46972K, reserved 1089536K
  class space    used 5826K, capacity 6372K, committed 6524K, reserved 1048576K
}
Event: 4.378 GC heap after
{Heap after GC invocations=10 (full 0):
 garbage-first heap   total 312320K, used 17662K [0x0000000702c00000, 0x0000000800000000)
  region size 1024K, 11 young (11264K), 11 survivors (11264K)
 Metaspace       used 45381K, capacity 46745K, committed 46972K, reserved 1089536K
  class space    used 5826K, capacity 6372K, committed 6524K, reserved 1048576K
}
Event: 6.530 GC heap before
{Heap before GC invocations=10 (full 0):
 garbage-first heap   total 312320K, used 148734K [0x0000000702c00000, 0x0000000800000000)
  region size 1024K, 141 young (144384K), 11 survivors (11264K)
 Metaspace       used 58737K, capacity 60268K, committed 60540K, reserved 1101824K
  class space    used 7663K, capacity 8271K, committed 8316K, reserved 1048576K
}
Event: 6.549 GC heap after
{Heap after GC invocations=11 (full 0):
 garbage-first heap   total 374784K, used 21758K [0x0000000702c00000, 0x0000000800000000)
  region size 1024K, 15 young (15360K), 15 survivors (15360K)
 Metaspace       used 58737K, capacity 60268K, committed 60540K, reserved 1101824K
  class space    used 7663K, capacity 8271K, committed 8316K, reserved 1048576K
}

